Start testing: Jun 27 21:29 CEST
----------------------------------------------------------
1/1 Testing: program.unit_tests
1/1 Test: program.unit_tests
Command: "/home/krystian/Documents/objektowo/zad5_2-KrystianCyga/build/unit_tests" "-V"
Directory: /home/krystian/Documents/objektowo/zad5_2-KrystianCyga/build/tests
"program.unit_tests" start time: Jun 27 21:29 CEST
Output:
----------------------------------------------------------
[doctest] doctest version is "2.4.5"
[doctest] run with "--help" for options
===============================================================================
/home/krystian/Documents/objektowo/zad5_2-KrystianCyga/tests/dummy.cpp:13:
TEST CASE:  complicated integration tests could be here 22

/home/krystian/Documents/objektowo/zad5_2-KrystianCyga/tests/dummy.cpp:16: ERROR: CHECK( d.doSomething() != true ) is NOT correct!
  values: CHECK( true != true )

===============================================================================
[doctest] test cases: 4 | 3 passed | 1 failed | 0 skipped
[doctest] assertions: 4 | 3 passed | 1 failed |
[doctest] Status: FAILURE!
<end of output>
Test time =   0.00 sec
----------------------------------------------------------
Test Failed.
"program.unit_tests" end time: Jun 27 21:29 CEST
"program.unit_tests" time elapsed: 00:00:00
----------------------------------------------------------

End testing: Jun 27 21:29 CEST
